<?xml version="1.0" encoding="utf-8"?><testsuites name="pytest tests"><testsuite name="pytest" errors="0" failures="0" skipped="0" tests="15" time="13.547" timestamp="2026-05-25T08:41:31.648716+00:00" hostname="agent-env-53703958-5db9-4ab3-8d10-f1ea0f310748"><testcase classname="backend.tests.test_venture_ferret.TestHealthMeta" name="test_health" time="0.212" /><testcase classname="backend.tests.test_venture_ferret.TestHealthMeta" name="test_categories" time="0.040" /><testcase classname="backend.tests.test_venture_ferret.TestStats" name="test_stats_overview" time="0.050" /><testcase classname="backend.tests.test_venture_ferret.TestGraphNodes" name="test_list_nodes" time="0.043" /><testcase classname="backend.tests.test_venture_ferret.TestGraphNodes" name="test_list_nodes_filter_category" time="0.041" /><testcase classname="backend.tests.test_venture_ferret.TestGraphNodes" name="test_get_node_404" time="0.041" /><testcase classname="backend.tests.test_venture_ferret.TestGraphNodes" name="test_get_node_detail_if_any" time="0.122" /><testcase classname="backend.tests.test_venture_ferret.TestRetrieval" name="test_semantic" time="0.252" /><testcase classname="backend.tests.test_venture_ferret.TestRetrieval" name="test_keyword" time="0.043" /><testcase classname="backend.tests.test_venture_ferret.TestRetrieval" name="test_hybrid" time="0.169" /><testcase classname="backend.tests.test_venture_ferret.TestGovernanceWorkflows" name="test_governance_actions" time="0.042" /><testcase classname="backend.tests.test_venture_ferret.TestGovernanceWorkflows" name="test_workflow_events" time="0.041" /><testcase classname="backend.tests.test_venture_ferret.TestGovernanceWorkflows" name="test_research_runs_list" time="0.041" /><testcase classname="backend.tests.test_venture_ferret.TestResearchPipeline" name="test_trigger_and_poll" time="12.254" /><testcase classname="backend.tests.test_venture_ferret.TestResearchPipeline" name="test_get_run_not_found" time="0.080" /></testsuite></testsuites>